#! /c/Source/iverilog-install/bin/vvp
:ivl_version "12.0 (devel)" "(s20150603-1539-g2693dd32b)";
:ivl_delay_selection "TYPICAL";
:vpi_time_precision + 0;
:vpi_module "C:\iverilog\lib\ivl\system.vpi";
:vpi_module "C:\iverilog\lib\ivl\vhdl_sys.vpi";
:vpi_module "C:\iverilog\lib\ivl\vhdl_textio.vpi";
:vpi_module "C:\iverilog\lib\ivl\v2005_math.vpi";
:vpi_module "C:\iverilog\lib\ivl\va_math.vpi";
S_0000028947322df0 .scope module, "InstructionMemory" "InstructionMemory" 2 1;
 .timescale 0 0;
    .port_info 0 /OUTPUT 32 "inst";
    .port_info 1 /INPUT 32 "pc";
    .port_info 2 /INPUT 1 "clk";
o0000028947356fd8 .functor BUFZ 1, C4<z>; HiZ drive
v0000028947322f80_0 .net "clk", 0 0, o0000028947356fd8;  0 drivers
v0000028947323020_0 .var "inst", 31 0;
v00000289473230c0 .array "memdata", 0 127, 31 0;
o0000028947357038 .functor BUFZ 32, C4<zzzzzzzzzzzzzzzzzzzzzzzzzzzzzzzz>; HiZ drive
v00000289474fb8d0_0 .net "pc", 31 0, o0000028947357038;  0 drivers
E_00000289474fcd50 .event posedge, v0000028947322f80_0;
    .scope S_0000028947322df0;
T_0 ;
    %pushi/vec4 69666, 0, 32;
    %ix/load 4, 0, 0;
    %flag_set/imm 4, 0;
    %store/vec4a v00000289473230c0, 4, 0;
    %pushi/vec4 2234404, 0, 32;
    %ix/load 4, 1, 0;
    %flag_set/imm 4, 0;
    %store/vec4a v00000289473230c0, 4, 0;
    %pushi/vec4 4272165, 0, 32;
    %ix/load 4, 2, 0;
    %flag_set/imm 4, 0;
    %store/vec4a v00000289473230c0, 4, 0;
    %pushi/vec4 25776160, 0, 32;
    %ix/load 4, 3, 0;
    %flag_set/imm 4, 0;
    %store/vec4a v00000289473230c0, 4, 0;
    %pushi/vec4 2348879904, 0, 32;
    %ix/load 4, 4, 0;
    %flag_set/imm 4, 0;
    %store/vec4a v00000289473230c0, 4, 0;
    %pushi/vec4 2885750816, 0, 32;
    %ix/load 4, 5, 0;
    %flag_set/imm 4, 0;
    %store/vec4a v00000289473230c0, 4, 0;
    %pushi/vec4 134287392, 0, 32;
    %ix/load 4, 6, 0;
    %flag_set/imm 4, 0;
    %store/vec4a v00000289473230c0, 4, 0;
    %end;
    .thread T_0;
    .scope S_0000028947322df0;
T_1 ;
    %wait E_00000289474fcd50;
    %ix/getv 4, v00000289474fb8d0_0;
    %load/vec4a v00000289473230c0, 4;
    %store/vec4 v0000028947323020_0, 0, 32;
    %jmp T_1;
    .thread T_1;
# The file index is used to find the file name in the following table.
:file_names 3;
    "N/A";
    "<interactive>";
    "mips.v";
